#-----------------------------------------------------------
# Vivado v2022.2 (64-bit)
# SW Build 3671981 on Fri Oct 14 04:59:54 MDT 2022
# IP Build 3669848 on Fri Oct 14 08:30:02 MDT 2022
# Start of session at: Thu Apr  6 11:59:09 2023
# Process ID: 7661
# Current directory: /home/harigovind/Documents/dev/thesis/SAT-Solver-DPLL
# Command line: vivado
# Log file: /home/harigovind/Documents/dev/thesis/SAT-Solver-DPLL/vivado.log
# Journal file: /home/harigovind/Documents/dev/thesis/SAT-Solver-DPLL/vivado.jou
# Running On: harigovind-MS-7C91, OS: Linux, CPU Frequency: 3719.089 MHz, CPU Physical cores: 12, Host memory: 16693 MB
#-----------------------------------------------------------
start_gui
WARNING: [Board 49-26] cannot add Board Part xilinx.com:vek280_es:part0:1.0 available at /tools/Xilinx/Vivado/2022.2/data/xhub/boards/XilinxBoardStore/boards/Xilinx/vek280/es/1.0/board.xml as part xcve2802-vsvh1760-2lp-e-s-es1 specified in board_part file is either invalid or not available
WARNING: [Board 49-26] cannot add Board Part xilinx.com:vhk158_es:part0:1.0 available at /tools/Xilinx/Vivado/2022.2/data/xhub/boards/XilinxBoardStore/boards/Xilinx/vhk158/es/1.0/board.xml as part xcvh1582-vsva3697-2mp-e-s-es1 specified in board_part file is either invalid or not available
WARNING: [Board 49-26] cannot add Board Part xilinx.com:vpk120_es:part0:1.2 available at /tools/Xilinx/Vivado/2022.2/data/xhub/boards/XilinxBoardStore/boards/Xilinx/vpk120/es/1.2/board.xml as part xcvp1202-vsva2785-2mp-e-s-es1 specified in board_part file is either invalid or not available
WARNING: [Board 49-26] cannot add Board Part xilinx.com:vpk120_es_revb:part0:1.0 available at /tools/Xilinx/Vivado/2022.2/data/xhub/boards/XilinxBoardStore/boards/Xilinx/vpk120_revb/es/1.0/board.xml as part xcvp1202-vsva2785-2mp-e-s-es1 specified in board_part file is either invalid or not available
WARNING: [Board 49-26] cannot add Board Part xilinx.com:vpk180_es:part0:1.0 available at /tools/Xilinx/Vivado/2022.2/data/xhub/boards/XilinxBoardStore/boards/Xilinx/vpk180/es/1.0/board.xml as part xcvp1802-lsvc4072-2mp-e-s-es1 specified in board_part file is either invalid or not available
WARNING: [Board 49-26] cannot add Board Part xilinx.com:zcu208ld:part0:2.0 available at /tools/Xilinx/Vivado/2022.2/data/xhub/boards/XilinxBoardStore/boards/Xilinx/zcu208ld/production/2.0/board.xml as part xczu58dr-fsvg1517-2-i specified in board_part file is either invalid or not available
WARNING: [Board 49-26] cannot add Board Part xilinx.com:zcu216ld:part0:2.0 available at /tools/Xilinx/Vivado/2022.2/data/xhub/boards/XilinxBoardStore/boards/Xilinx/zcu216ld/production/2.0/board.xml as part xczu59dr-ffvf1760-2-i specified in board_part file is either invalid or not available
WARNING: [Board 49-26] cannot add Board Part xilinx.com:zcu670:part0:2.0 available at /tools/Xilinx/Vivado/2022.2/data/xhub/boards/XilinxBoardStore/boards/Xilinx/zcu670/2.0/board.xml as part xczu67dr-fsve1156-2-i specified in board_part file is either invalid or not available
WARNING: [Board 49-26] cannot add Board Part xilinx.com:zcu670ld:part0:1.0 available at /tools/Xilinx/Vivado/2022.2/data/xhub/boards/XilinxBoardStore/boards/Xilinx/zcu670ld/1.0/board.xml as part xczu57dr-fsve1156-2-i specified in board_part file is either invalid or not available
open_hw_manager
INFO: [IP_Flow 19-234] Refreshing IP repositories
INFO: [IP_Flow 19-1704] No user IP repositories specified
INFO: [IP_Flow 19-2313] Loaded Vivado IP repository '/tools/Xilinx/Vivado/2022.2/data/ip'.
connect_hw_server -allow_non_jtag
INFO: [Labtools 27-2285] Connecting to hw_server url TCP:localhost:3121
INFO: [Labtools 27-2222] Launching hw_server...
INFO: [Labtools 27-2221] Launch Output:

****** Xilinx hw_server v2022.2
  **** Build date : Oct 14 2022 at 05:10:28
    ** Copyright 1986-2022 Xilinx, Inc. All Rights Reserved.


INFO: [Labtools 27-3415] Connecting to cs_server url TCP:localhost:0
INFO: [Labtools 27-3417] Launching cs_server...
INFO: [Labtools 27-2221] Launch Output:


******** Xilinx cs_server v2022.2.0
  ****** Build date   : Oct 04 2022-19:25:37
    **** Build number : 2022.2.1664925937
      ** Copyright 2017-2023 Xilinx, Inc. All Rights Reserved.



open_hw_target
INFO: [Labtoolstcl 44-466] Opening hw_target localhost:3121/xilinx_tcf/Xilinx/887100000291A
current_hw_device [get_hw_devices xc7z007s_1]
refresh_hw_device -update_hw_probes false [lindex [get_hw_devices xc7z007s_1] 0]
INFO: [Labtools 27-1435] Device xc7z007s (JTAG device index = 1) is not programmed (DONE status = 0).
set_property PROBES.FILE {} [get_hw_devices xc7z007s_1]
set_property FULL_PROBES.FILE {} [get_hw_devices xc7z007s_1]
set_property PROGRAM.FILE {/home/harigovind/Downloads/Blackboard_p2.bit} [get_hw_devices xc7z007s_1]
program_hw_devices [get_hw_devices xc7z007s_1]
INFO: [Labtools 27-3164] End of startup status: HIGH
refresh_hw_device [lindex [get_hw_devices xc7z007s_1] 0]
INFO: [Labtools 27-1434] Device xc7z007s (JTAG device index = 1) is programmed with a design that has no supported debug core(s) in it.
WARNING: [Board 49-26] cannot add Board Part xilinx.com:vek280_es:part0:1.0 available at /tools/Xilinx/Vivado/2022.2/data/xhub/boards/XilinxBoardStore/boards/Xilinx/vek280/es/1.0/board.xml as part xcve2802-vsvh1760-2lp-e-s-es1 specified in board_part file is either invalid or not available
WARNING: [Board 49-26] cannot add Board Part xilinx.com:vhk158_es:part0:1.0 available at /tools/Xilinx/Vivado/2022.2/data/xhub/boards/XilinxBoardStore/boards/Xilinx/vhk158/es/1.0/board.xml as part xcvh1582-vsva3697-2mp-e-s-es1 specified in board_part file is either invalid or not available
WARNING: [Board 49-26] cannot add Board Part xilinx.com:vpk120_es:part0:1.2 available at /tools/Xilinx/Vivado/2022.2/data/xhub/boards/XilinxBoardStore/boards/Xilinx/vpk120/es/1.2/board.xml as part xcvp1202-vsva2785-2mp-e-s-es1 specified in board_part file is either invalid or not available
WARNING: [Board 49-26] cannot add Board Part xilinx.com:vpk120_es_revb:part0:1.0 available at /tools/Xilinx/Vivado/2022.2/data/xhub/boards/XilinxBoardStore/boards/Xilinx/vpk120_revb/es/1.0/board.xml as part xcvp1202-vsva2785-2mp-e-s-es1 specified in board_part file is either invalid or not available
WARNING: [Board 49-26] cannot add Board Part xilinx.com:vpk180_es:part0:1.0 available at /tools/Xilinx/Vivado/2022.2/data/xhub/boards/XilinxBoardStore/boards/Xilinx/vpk180/es/1.0/board.xml as part xcvp1802-lsvc4072-2mp-e-s-es1 specified in board_part file is either invalid or not available
WARNING: [Board 49-26] cannot add Board Part xilinx.com:zcu208ld:part0:2.0 available at /tools/Xilinx/Vivado/2022.2/data/xhub/boards/XilinxBoardStore/boards/Xilinx/zcu208ld/production/2.0/board.xml as part xczu58dr-fsvg1517-2-i specified in board_part file is either invalid or not available
WARNING: [Board 49-26] cannot add Board Part xilinx.com:zcu216ld:part0:2.0 available at /tools/Xilinx/Vivado/2022.2/data/xhub/boards/XilinxBoardStore/boards/Xilinx/zcu216ld/production/2.0/board.xml as part xczu59dr-ffvf1760-2-i specified in board_part file is either invalid or not available
WARNING: [Board 49-26] cannot add Board Part xilinx.com:zcu670:part0:2.0 available at /tools/Xilinx/Vivado/2022.2/data/xhub/boards/XilinxBoardStore/boards/Xilinx/zcu670/2.0/board.xml as part xczu67dr-fsve1156-2-i specified in board_part file is either invalid or not available
WARNING: [Board 49-26] cannot add Board Part xilinx.com:zcu670ld:part0:1.0 available at /tools/Xilinx/Vivado/2022.2/data/xhub/boards/XilinxBoardStore/boards/Xilinx/zcu670ld/1.0/board.xml as part xczu57dr-fsve1156-2-i specified in board_part file is either invalid or not available
WARNING: [Board 49-26] cannot add Board Part xilinx.com:vek280_es:part0:1.0 available at /tools/Xilinx/Vivado/2022.2/data/xhub/boards/XilinxBoardStore/boards/Xilinx/vek280/es/1.0/board.xml as part xcve2802-vsvh1760-2lp-e-s-es1 specified in board_part file is either invalid or not available
WARNING: [Board 49-26] cannot add Board Part xilinx.com:vhk158_es:part0:1.0 available at /tools/Xilinx/Vivado/2022.2/data/xhub/boards/XilinxBoardStore/boards/Xilinx/vhk158/es/1.0/board.xml as part xcvh1582-vsva3697-2mp-e-s-es1 specified in board_part file is either invalid or not available
WARNING: [Board 49-26] cannot add Board Part xilinx.com:vpk120_es:part0:1.2 available at /tools/Xilinx/Vivado/2022.2/data/xhub/boards/XilinxBoardStore/boards/Xilinx/vpk120/es/1.2/board.xml as part xcvp1202-vsva2785-2mp-e-s-es1 specified in board_part file is either invalid or not available
WARNING: [Board 49-26] cannot add Board Part xilinx.com:vpk120_es_revb:part0:1.0 available at /tools/Xilinx/Vivado/2022.2/data/xhub/boards/XilinxBoardStore/boards/Xilinx/vpk120_revb/es/1.0/board.xml as part xcvp1202-vsva2785-2mp-e-s-es1 specified in board_part file is either invalid or not available
WARNING: [Board 49-26] cannot add Board Part xilinx.com:vpk180_es:part0:1.0 available at /tools/Xilinx/Vivado/2022.2/data/xhub/boards/XilinxBoardStore/boards/Xilinx/vpk180/es/1.0/board.xml as part xcvp1802-lsvc4072-2mp-e-s-es1 specified in board_part file is either invalid or not available
WARNING: [Board 49-26] cannot add Board Part xilinx.com:zcu208ld:part0:2.0 available at /tools/Xilinx/Vivado/2022.2/data/xhub/boards/XilinxBoardStore/boards/Xilinx/zcu208ld/production/2.0/board.xml as part xczu58dr-fsvg1517-2-i specified in board_part file is either invalid or not available
WARNING: [Board 49-26] cannot add Board Part xilinx.com:zcu216ld:part0:2.0 available at /tools/Xilinx/Vivado/2022.2/data/xhub/boards/XilinxBoardStore/boards/Xilinx/zcu216ld/production/2.0/board.xml as part xczu59dr-ffvf1760-2-i specified in board_part file is either invalid or not available
WARNING: [Board 49-26] cannot add Board Part xilinx.com:zcu670:part0:2.0 available at /tools/Xilinx/Vivado/2022.2/data/xhub/boards/XilinxBoardStore/boards/Xilinx/zcu670/2.0/board.xml as part xczu67dr-fsve1156-2-i specified in board_part file is either invalid or not available
WARNING: [Board 49-26] cannot add Board Part xilinx.com:zcu670ld:part0:1.0 available at /tools/Xilinx/Vivado/2022.2/data/xhub/boards/XilinxBoardStore/boards/Xilinx/zcu670ld/1.0/board.xml as part xczu57dr-fsve1156-2-i specified in board_part file is either invalid or not available
WARNING: [Board 49-26] cannot add Board Part xilinx.com:vek280_es:part0:1.0 available at /tools/Xilinx/Vivado/2022.2/data/xhub/boards/XilinxBoardStore/boards/Xilinx/vek280/es/1.0/board.xml as part xcve2802-vsvh1760-2lp-e-s-es1 specified in board_part file is either invalid or not available
WARNING: [Board 49-26] cannot add Board Part xilinx.com:vhk158_es:part0:1.0 available at /tools/Xilinx/Vivado/2022.2/data/xhub/boards/XilinxBoardStore/boards/Xilinx/vhk158/es/1.0/board.xml as part xcvh1582-vsva3697-2mp-e-s-es1 specified in board_part file is either invalid or not available
WARNING: [Board 49-26] cannot add Board Part xilinx.com:vpk120_es:part0:1.2 available at /tools/Xilinx/Vivado/2022.2/data/xhub/boards/XilinxBoardStore/boards/Xilinx/vpk120/es/1.2/board.xml as part xcvp1202-vsva2785-2mp-e-s-es1 specified in board_part file is either invalid or not available
WARNING: [Board 49-26] cannot add Board Part xilinx.com:vpk120_es_revb:part0:1.0 available at /tools/Xilinx/Vivado/2022.2/data/xhub/boards/XilinxBoardStore/boards/Xilinx/vpk120_revb/es/1.0/board.xml as part xcvp1202-vsva2785-2mp-e-s-es1 specified in board_part file is either invalid or not available
WARNING: [Board 49-26] cannot add Board Part xilinx.com:vpk180_es:part0:1.0 available at /tools/Xilinx/Vivado/2022.2/data/xhub/boards/XilinxBoardStore/boards/Xilinx/vpk180/es/1.0/board.xml as part xcvp1802-lsvc4072-2mp-e-s-es1 specified in board_part file is either invalid or not available
WARNING: [Board 49-26] cannot add Board Part xilinx.com:zcu208ld:part0:2.0 available at /tools/Xilinx/Vivado/2022.2/data/xhub/boards/XilinxBoardStore/boards/Xilinx/zcu208ld/production/2.0/board.xml as part xczu58dr-fsvg1517-2-i specified in board_part file is either invalid or not available
WARNING: [Board 49-26] cannot add Board Part xilinx.com:zcu216ld:part0:2.0 available at /tools/Xilinx/Vivado/2022.2/data/xhub/boards/XilinxBoardStore/boards/Xilinx/zcu216ld/production/2.0/board.xml as part xczu59dr-ffvf1760-2-i specified in board_part file is either invalid or not available
WARNING: [Board 49-26] cannot add Board Part xilinx.com:zcu670:part0:2.0 available at /tools/Xilinx/Vivado/2022.2/data/xhub/boards/XilinxBoardStore/boards/Xilinx/zcu670/2.0/board.xml as part xczu67dr-fsve1156-2-i specified in board_part file is either invalid or not available
WARNING: [Board 49-26] cannot add Board Part xilinx.com:zcu670ld:part0:1.0 available at /tools/Xilinx/Vivado/2022.2/data/xhub/boards/XilinxBoardStore/boards/Xilinx/zcu670ld/1.0/board.xml as part xczu57dr-fsve1156-2-i specified in board_part file is either invalid or not available
close_project
create_project Tutorial_1 /home/harigovind/Documents/dev/learn/DigitalSystems/RealDigital-Tutorials/Digital/Ch2/Tutorial_1 -part xc7z007sclg400-1
INFO: [IP_Flow 19-234] Refreshing IP repositories
INFO: [IP_Flow 19-1704] No user IP repositories specified
INFO: [IP_Flow 19-2313] Loaded Vivado IP repository '/tools/Xilinx/Vivado/2022.2/data/ip'.
set_property target_language VHDL [current_project]
file mkdir /home/harigovind/Documents/dev/learn/DigitalSystems/RealDigital-Tutorials/Digital/Ch2/Tutorial_1/Tutorial_1.srcs/sources_1/new
close [ open /home/harigovind/Documents/dev/learn/DigitalSystems/RealDigital-Tutorials/Digital/Ch2/Tutorial_1/Tutorial_1.srcs/sources_1/new/top.sv w ]
add_files /home/harigovind/Documents/dev/learn/DigitalSystems/RealDigital-Tutorials/Digital/Ch2/Tutorial_1/Tutorial_1.srcs/sources_1/new/top.sv
update_compile_order -fileset sources_1
file mkdir /home/harigovind/Documents/dev/learn/DigitalSystems/RealDigital-Tutorials/Digital/Ch2/Tutorial_1/Tutorial_1.srcs/constrs_1
file mkdir /home/harigovind/Documents/dev/learn/DigitalSystems/RealDigital-Tutorials/Digital/Ch2/Tutorial_1/Tutorial_1.srcs/constrs_1/new
close [ open /home/harigovind/Documents/dev/learn/DigitalSystems/RealDigital-Tutorials/Digital/Ch2/Tutorial_1/Tutorial_1.srcs/constrs_1/new/Turorial1.xdc w ]
add_files -fileset constrs_1 /home/harigovind/Documents/dev/learn/DigitalSystems/RealDigital-Tutorials/Digital/Ch2/Tutorial_1/Tutorial_1.srcs/constrs_1/new/Turorial1.xdc
launch_runs impl_1 -to_step write_bitstream -jobs 8
[Thu Apr  6 12:14:10 2023] Launched synth_1...
Run output will be captured here: /home/harigovind/Documents/dev/learn/DigitalSystems/RealDigital-Tutorials/Digital/Ch2/Tutorial_1/Tutorial_1.runs/synth_1/runme.log
[Thu Apr  6 12:14:10 2023] Launched impl_1...
Run output will be captured here: /home/harigovind/Documents/dev/learn/DigitalSystems/RealDigital-Tutorials/Digital/Ch2/Tutorial_1/Tutorial_1.runs/impl_1/runme.log
open_hw_manager
connect_hw_server -allow_non_jtag
INFO: [Labtools 27-2285] Connecting to hw_server url TCP:localhost:3121
INFO: [Labtools 27-2222] Launching hw_server...
INFO: [Labtools 27-2221] Launch Output:

****** Xilinx hw_server v2022.2
  **** Build date : Oct 14 2022 at 05:10:28
    ** Copyright 1986-2022 Xilinx, Inc. All Rights Reserved.


INFO: [Labtools 27-3415] Connecting to cs_server url TCP:localhost:0
INFO: [Labtools 27-3417] Launching cs_server...
INFO: [Labtools 27-2221] Launch Output:


******** Xilinx cs_server v2022.2.0
  ****** Build date   : Oct 04 2022-19:25:37
    **** Build number : 2022.2.1664925937
      ** Copyright 2017-2023 Xilinx, Inc. All Rights Reserved.



open_hw_target
INFO: [Labtoolstcl 44-466] Opening hw_target localhost:3121/xilinx_tcf/Xilinx/887100000291A
set_property PROGRAM.FILE {/home/harigovind/Documents/dev/learn/DigitalSystems/RealDigital-Tutorials/Digital/Ch2/Tutorial_1/Tutorial_1.runs/impl_1/top.bit} [get_hw_devices xc7z007s_1]
current_hw_device [get_hw_devices xc7z007s_1]
refresh_hw_device -update_hw_probes false [lindex [get_hw_devices xc7z007s_1] 0]
INFO: [Labtools 27-1434] Device xc7z007s (JTAG device index = 1) is programmed with a design that has no supported debug core(s) in it.
set_property PROBES.FILE {} [get_hw_devices xc7z007s_1]
set_property FULL_PROBES.FILE {} [get_hw_devices xc7z007s_1]
set_property PROGRAM.FILE {/home/harigovind/Documents/dev/learn/DigitalSystems/RealDigital-Tutorials/Digital/Ch2/Tutorial_1/Tutorial_1.runs/impl_1/top.bit} [get_hw_devices xc7z007s_1]
program_hw_devices [get_hw_devices xc7z007s_1]
INFO: [Labtools 27-3164] End of startup status: HIGH
refresh_hw_device [lindex [get_hw_devices xc7z007s_1] 0]
INFO: [Labtools 27-1434] Device xc7z007s (JTAG device index = 1) is programmed with a design that has no supported debug core(s) in it.
reset_run synth_1
INFO: [Project 1-1160] Copying file /home/harigovind/Documents/dev/learn/DigitalSystems/RealDigital-Tutorials/Digital/Ch2/Tutorial_1/Tutorial_1.runs/synth_1/top.dcp to /home/harigovind/Documents/dev/learn/DigitalSystems/RealDigital-Tutorials/Digital/Ch2/Tutorial_1/Tutorial_1.srcs/utils_1/imports/synth_1 and adding it to utils fileset
launch_runs impl_1 -to_step write_bitstream -jobs 8
[Thu Apr  6 12:28:29 2023] Launched synth_1...
Run output will be captured here: /home/harigovind/Documents/dev/learn/DigitalSystems/RealDigital-Tutorials/Digital/Ch2/Tutorial_1/Tutorial_1.runs/synth_1/runme.log
[Thu Apr  6 12:28:29 2023] Launched impl_1...
Run output will be captured here: /home/harigovind/Documents/dev/learn/DigitalSystems/RealDigital-Tutorials/Digital/Ch2/Tutorial_1/Tutorial_1.runs/impl_1/runme.log
open_run impl_1
INFO: [Device 21-403] Loading part xc7z007sclg400-1
Netlist sorting complete. Time (s): cpu = 00:00:00 ; elapsed = 00:00:00 . Memory (MB): peak = 9400.316 ; gain = 0.000 ; free physical = 4134 ; free virtual = 10759
INFO: [Project 1-479] Netlist was created with Vivado 2022.2
INFO: [Common 17-41] Interrupt caught. Command should exit soon.
INFO: [Common 17-344] 'open_run' was cancelled
reset_run impl_1 -prev_step 
launch_runs impl_1 -to_step write_bitstream -jobs 8
[Thu Apr  6 12:29:37 2023] Launched impl_1...
Run output will be captured here: /home/harigovind/Documents/dev/learn/DigitalSystems/RealDigital-Tutorials/Digital/Ch2/Tutorial_1/Tutorial_1.runs/impl_1/runme.log
set_property PROBES.FILE {} [get_hw_devices xc7z007s_1]
set_property FULL_PROBES.FILE {} [get_hw_devices xc7z007s_1]
set_property PROGRAM.FILE {/home/harigovind/Documents/dev/learn/DigitalSystems/RealDigital-Tutorials/Digital/Ch2/Tutorial_1/Tutorial_1.runs/impl_1/top.bit} [get_hw_devices xc7z007s_1]
program_hw_devices [get_hw_devices xc7z007s_1]
INFO: [Labtools 27-3164] End of startup status: HIGH
refresh_hw_device [lindex [get_hw_devices xc7z007s_1] 0]
INFO: [Labtools 27-1434] Device xc7z007s (JTAG device index = 1) is programmed with a design that has no supported debug core(s) in it.
reset_run synth_1
INFO: [Project 1-1161] Replacing file /home/harigovind/Documents/dev/learn/DigitalSystems/RealDigital-Tutorials/Digital/Ch2/Tutorial_1/Tutorial_1.srcs/utils_1/imports/synth_1/top.dcp with file /home/harigovind/Documents/dev/learn/DigitalSystems/RealDigital-Tutorials/Digital/Ch2/Tutorial_1/Tutorial_1.runs/synth_1/top.dcp
launch_runs impl_1 -to_step write_bitstream -jobs 8
[Thu Apr  6 12:32:52 2023] Launched synth_1...
Run output will be captured here: /home/harigovind/Documents/dev/learn/DigitalSystems/RealDigital-Tutorials/Digital/Ch2/Tutorial_1/Tutorial_1.runs/synth_1/runme.log
[Thu Apr  6 12:32:52 2023] Launched impl_1...
Run output will be captured here: /home/harigovind/Documents/dev/learn/DigitalSystems/RealDigital-Tutorials/Digital/Ch2/Tutorial_1/Tutorial_1.runs/impl_1/runme.log
set_property PROBES.FILE {} [get_hw_devices xc7z007s_1]
set_property FULL_PROBES.FILE {} [get_hw_devices xc7z007s_1]
set_property PROGRAM.FILE {/home/harigovind/Documents/dev/learn/DigitalSystems/RealDigital-Tutorials/Digital/Ch2/Tutorial_1/Tutorial_1.runs/impl_1/top.bit} [get_hw_devices xc7z007s_1]
program_hw_devices [get_hw_devices xc7z007s_1]
INFO: [Labtools 27-3164] End of startup status: HIGH
refresh_hw_device [lindex [get_hw_devices xc7z007s_1] 0]
INFO: [Labtools 27-1434] Device xc7z007s (JTAG device index = 1) is programmed with a design that has no supported debug core(s) in it.
close_hw_manager
close [ open /home/harigovind/Documents/dev/learn/DigitalSystems/RealDigital-Tutorials/Digital/Ch2/Tutorial_1/Tutorial_1.srcs/sources_1/new/car_controls.sv w ]
add_files /home/harigovind/Documents/dev/learn/DigitalSystems/RealDigital-Tutorials/Digital/Ch2/Tutorial_1/Tutorial_1.srcs/sources_1/new/car_controls.sv
update_compile_order -fileset sources_1
set_property top car_controls [current_fileset]
update_compile_order -fileset sources_1
reset_run synth_1
INFO: [Project 1-1161] Replacing file /home/harigovind/Documents/dev/learn/DigitalSystems/RealDigital-Tutorials/Digital/Ch2/Tutorial_1/Tutorial_1.srcs/utils_1/imports/synth_1/top.dcp with file /home/harigovind/Documents/dev/learn/DigitalSystems/RealDigital-Tutorials/Digital/Ch2/Tutorial_1/Tutorial_1.runs/synth_1/top.dcp
launch_runs impl_1 -to_step write_bitstream -jobs 8
[Thu Apr  6 12:51:06 2023] Launched synth_1...
Run output will be captured here: /home/harigovind/Documents/dev/learn/DigitalSystems/RealDigital-Tutorials/Digital/Ch2/Tutorial_1/Tutorial_1.runs/synth_1/runme.log
[Thu Apr  6 12:51:06 2023] Launched impl_1...
Run output will be captured here: /home/harigovind/Documents/dev/learn/DigitalSystems/RealDigital-Tutorials/Digital/Ch2/Tutorial_1/Tutorial_1.runs/impl_1/runme.log
open_hw_manager
connect_hw_server -allow_non_jtag
INFO: [Labtools 27-2285] Connecting to hw_server url TCP:localhost:3121
INFO: [Labtools 27-2222] Launching hw_server...
INFO: [Labtools 27-2221] Launch Output:

****** Xilinx hw_server v2022.2
  **** Build date : Oct 14 2022 at 05:10:28
    ** Copyright 1986-2022 Xilinx, Inc. All Rights Reserved.


INFO: [Labtools 27-3415] Connecting to cs_server url TCP:localhost:0
INFO: [Labtools 27-3417] Launching cs_server...
INFO: [Labtools 27-2221] Launch Output:


******** Xilinx cs_server v2022.2.0
  ****** Build date   : Oct 04 2022-19:25:37
    **** Build number : 2022.2.1664925937
      ** Copyright 2017-2023 Xilinx, Inc. All Rights Reserved.



open_hw_target
INFO: [Labtoolstcl 44-466] Opening hw_target localhost:3121/xilinx_tcf/Xilinx/887100000291A
set_property PROGRAM.FILE {/home/harigovind/Documents/dev/learn/DigitalSystems/RealDigital-Tutorials/Digital/Ch2/Tutorial_1/Tutorial_1.runs/impl_1/car_controls.bit} [get_hw_devices xc7z007s_1]
current_hw_device [get_hw_devices xc7z007s_1]
refresh_hw_device -update_hw_probes false [lindex [get_hw_devices xc7z007s_1] 0]
INFO: [Labtools 27-1434] Device xc7z007s (JTAG device index = 1) is programmed with a design that has no supported debug core(s) in it.
set_property PROBES.FILE {} [get_hw_devices xc7z007s_1]
set_property FULL_PROBES.FILE {} [get_hw_devices xc7z007s_1]
set_property PROGRAM.FILE {/home/harigovind/Documents/dev/learn/DigitalSystems/RealDigital-Tutorials/Digital/Ch2/Tutorial_1/Tutorial_1.runs/impl_1/car_controls.bit} [get_hw_devices xc7z007s_1]
program_hw_devices [get_hw_devices xc7z007s_1]
INFO: [Labtools 27-3164] End of startup status: HIGH
refresh_hw_device [lindex [get_hw_devices xc7z007s_1] 0]
INFO: [Labtools 27-1434] Device xc7z007s (JTAG device index = 1) is programmed with a design that has no supported debug core(s) in it.
ERROR: [Labtoolstcl 44-513] HW Target shutdown. Closing target: localhost:3121/xilinx_tcf/Xilinx/887100000291A
close_hw_manager
exit
INFO: [Common 17-206] Exiting Vivado at Thu Apr  6 12:54:53 2023...
